********************************************************************************
product = Open Liberty 24.0.0.10 (wlp-1.0.94.cl241020240923-1638)
wlp.install.dir = /Users/danmas/Documents/GitHub/OZ-CSC-480-HCI-521-Fall-2024/backend/auth-service/target/liberty/wlp/
java.home = /Library/Java/JavaVirtualMachines/temurin-21.jdk/Contents/Home
java.version = 21.0.4
java.runtime = OpenJDK Runtime Environment (21.0.4+7-LTS)
os = Mac OS X (15.0.1; x86_64) (en_US)
process = 28641@Dans-MBP
Classpath = /Users/danmas/Documents/GitHub/OZ-CSC-480-HCI-521-Fall-2024/backend/auth-service/target/liberty/wlp/bin/tools/ws-server.jar
Java Library path = /Users/danmas/Library/Java/Extensions:/Library/Java/Extensions:/Network/Library/Java/Extensions:/System/Library/Java/Extensions:/usr/lib/java:.
********************************************************************************
[10/16/24, 14:20:04:558 EDT] 00000001 com.ibm.ws.kernel.launch.internal.FrameworkManager           A CWWKE0001I: The server defaultServer has been launched.
[10/16/24, 14:20:05:425 EDT] 00000023 com.ibm.ws.config.xml.internal.ServerXMLConfiguration        A CWWKG0093A: Processing configuration drop-ins resource: /Users/danmas/Documents/GitHub/OZ-CSC-480-HCI-521-Fall-2024/backend/auth-service/target/liberty/wlp/usr/servers/defaultServer/configDropins/overrides/liberty-plugin-variable-config.xml
[10/16/24, 14:20:05:666 EDT] 00000001 com.ibm.ws.kernel.launch.internal.FrameworkManager           I CWWKE0002I: The kernel started after 1.577 seconds
[10/16/24, 14:20:05:666 EDT] 00000038 com.ibm.ws.kernel.feature.internal.FeatureManager            I CWWKF0007I: Feature update started.
[10/16/24, 14:20:05:708 EDT] 00000038 com.ibm.ws.kernel.feature.internal.FeatureManager            E CWWKF0001E: A feature definition could not be found for jwt-1.0
[10/16/24, 14:20:05:709 EDT] 00000038 com.ibm.ws.kernel.feature.internal.FeatureManager            E CWWKF0001E: A feature definition could not be found for mpconfig-3.1
[10/16/24, 14:20:05:709 EDT] 00000038 com.ibm.ws.kernel.feature.internal.FeatureManager            E CWWKF0001E: A feature definition could not be found for jsonb-3.0
[10/16/24, 14:20:05:710 EDT] 00000038 com.ibm.ws.kernel.feature.internal.FeatureManager            E CWWKF0001E: A feature definition could not be found for appsecurity-5.0
[10/16/24, 14:20:05:710 EDT] 00000038 com.ibm.ws.kernel.feature.internal.FeatureManager            E CWWKF0001E: A feature definition could not be found for restfulws-3.1
[10/16/24, 14:20:05:711 EDT] 00000038 com.ibm.ws.kernel.feature.internal.FeatureManager            E CWWKF0001E: A feature definition could not be found for jsonp-2.1
[10/16/24, 14:20:05:711 EDT] 00000038 com.ibm.ws.kernel.feature.internal.FeatureManager            E CWWKF0001E: A feature definition could not be found for sociallogin-1.0
[10/16/24, 14:20:05:712 EDT] 00000038 com.ibm.ws.kernel.feature.internal.FeatureManager            E CWWKF0001E: A feature definition could not be found for mprestclient-3.0
[10/16/24, 14:20:05:712 EDT] 00000038 com.ibm.ws.kernel.feature.internal.FeatureManager            E CWWKF0001E: A feature definition could not be found for cdi-4.0
[10/16/24, 14:20:05:714 EDT] 00000038 com.ibm.ws.kernel.feature.internal.FeatureManager            E CWWKF0001E: A feature definition could not be found for servlet-6.0
[10/16/24, 14:20:05:714 EDT] 00000038 com.ibm.ws.kernel.feature.internal.FeatureManager            E CWWKF0001E: A feature definition could not be found for mpjwt-2.1
[10/16/24, 14:20:05:773 EDT] 00000038 com.ibm.ws.kernel.feature.internal.FeatureManager            A CWWKF0012I: The server installed the following features: [].
[10/16/24, 14:20:05:773 EDT] 00000038 com.ibm.ws.kernel.feature.internal.FeatureManager            I CWWKF0008I: Feature update completed in 0.113 seconds.
[10/16/24, 14:20:05:774 EDT] 00000038 com.ibm.ws.kernel.feature.internal.FeatureManager            A CWWKF0011I: The defaultServer server is ready to run a smarter planet. The defaultServer server started in 1.689 seconds.
[10/16/24, 14:20:29:120 EDT] 0000001c com.ibm.ws.kernel.launch.internal.ServerCommandListener      A CWWKE0055I: Server shutdown requested on Wednesday, October 16, 2024 at 2:20 PM. The server defaultServer is shutting down.
[10/16/24, 14:20:29:131 EDT] 00000051 com.ibm.ws.runtime.update.internal.RuntimeUpdateManagerImpl  A CWWKE1100I: Waiting for up to 30 seconds for the server to quiesce.
[10/16/24, 14:20:29:137 EDT] 00000051 com.ibm.ws.runtime.update.internal.RuntimeUpdateManagerImpl  I CWWKE1101I: Server quiesce complete.
[10/16/24, 14:20:29:306 EDT] 00000001 com.ibm.ws.kernel.launch.internal.FrameworkManager           A CWWKE0036I: The server defaultServer stopped after 25.22 seconds.
