********************************************************************************
product = Open Liberty 24.0.0.10 (wlp-1.0.94.cl241020240923-1638)
wlp.install.dir = /Users/danmas/Documents/GitHub/OZ-CSC-480-HCI-521-Fall-2024/backend/auth-service/target/liberty/wlp/
java.home = /Library/Java/JavaVirtualMachines/temurin-21.jdk/Contents/Home
java.version = 21.0.4
java.runtime = OpenJDK Runtime Environment (21.0.4+7-LTS)
os = Mac OS X (15.0.1; x86_64) (en_US)
process = 9001@Dans-MBP
Classpath = /Users/danmas/Documents/GitHub/OZ-CSC-480-HCI-521-Fall-2024/backend/auth-service/target/liberty/wlp/bin/tools/ws-server.jar
Java Library path = /Users/danmas/Library/Java/Extensions:/Library/Java/Extensions:/Network/Library/Java/Extensions:/System/Library/Java/Extensions:/usr/lib/java:.
********************************************************************************
[10/16/24, 11:08:51:827 EDT] 00000001 com.ibm.ws.kernel.launch.internal.FrameworkManager           A CWWKE0001I: The server guideServer has been launched.
[10/16/24, 11:08:52:635 EDT] 00000023 com.ibm.ws.config.xml.internal.ServerXMLConfiguration        A CWWKG0093A: Processing configuration drop-ins resource: /Users/danmas/Documents/GitHub/OZ-CSC-480-HCI-521-Fall-2024/backend/auth-service/target/liberty/wlp/usr/servers/guideServer/configDropins/overrides/liberty-plugin-variable-config.xml
[10/16/24, 11:08:52:883 EDT] 00000038 com.ibm.ws.kernel.feature.internal.FeatureManager            I CWWKF0007I: Feature update started.
[10/16/24, 11:08:52:886 EDT] 00000001 com.ibm.ws.kernel.launch.internal.FrameworkManager           I CWWKE0002I: The kernel started after 1.484 seconds
[10/16/24, 11:08:52:914 EDT] 00000038 com.ibm.ws.kernel.feature.internal.FeatureManager            E CWWKF0001E: A feature definition could not be found for jwt-1.0
[10/16/24, 11:08:52:914 EDT] 00000038 com.ibm.ws.kernel.feature.internal.FeatureManager            E CWWKF0001E: A feature definition could not be found for mpconfig-3.1
[10/16/24, 11:08:52:915 EDT] 00000038 com.ibm.ws.kernel.feature.internal.FeatureManager            E CWWKF0001E: A feature definition could not be found for jsonb-3.0
[10/16/24, 11:08:52:915 EDT] 00000038 com.ibm.ws.kernel.feature.internal.FeatureManager            E CWWKF0001E: A feature definition could not be found for appsecurity-5.0
[10/16/24, 11:08:52:916 EDT] 00000038 com.ibm.ws.kernel.feature.internal.FeatureManager            E CWWKF0001E: A feature definition could not be found for restfulws-3.1
[10/16/24, 11:08:52:916 EDT] 00000038 com.ibm.ws.kernel.feature.internal.FeatureManager            E CWWKF0001E: A feature definition could not be found for jsonp-2.1
[10/16/24, 11:08:52:917 EDT] 00000038 com.ibm.ws.kernel.feature.internal.FeatureManager            E CWWKF0001E: A feature definition could not be found for sociallogin-1.0
[10/16/24, 11:08:52:917 EDT] 00000038 com.ibm.ws.kernel.feature.internal.FeatureManager            E CWWKF0001E: A feature definition could not be found for mprestclient-3.0
[10/16/24, 11:08:52:917 EDT] 00000038 com.ibm.ws.kernel.feature.internal.FeatureManager            E CWWKF0001E: A feature definition could not be found for cdi-4.0
[10/16/24, 11:08:52:919 EDT] 00000038 com.ibm.ws.kernel.feature.internal.FeatureManager            E CWWKF0001E: A feature definition could not be found for servlet-6.0
[10/16/24, 11:08:52:920 EDT] 00000038 com.ibm.ws.kernel.feature.internal.FeatureManager            E CWWKF0001E: A feature definition could not be found for mpjwt-2.1
[10/16/24, 11:08:52:977 EDT] 00000038 com.ibm.ws.kernel.feature.internal.FeatureManager            A CWWKF0012I: The server installed the following features: [].
[10/16/24, 11:08:52:978 EDT] 00000038 com.ibm.ws.kernel.feature.internal.FeatureManager            I CWWKF0008I: Feature update completed in 0.097 seconds.
[10/16/24, 11:08:52:978 EDT] 00000038 com.ibm.ws.kernel.feature.internal.FeatureManager            A CWWKF0011I: The guideServer server is ready to run a smarter planet. The guideServer server started in 1.579 seconds.
[10/16/24, 11:11:26:290 EDT] 0000001c com.ibm.ws.kernel.launch.internal.ServerCommandListener      A CWWKE0055I: Server shutdown requested on Wednesday, October 16, 2024 at 11:11 AM. The server guideServer is shutting down.
[10/16/24, 11:11:26:309 EDT] 00000051 com.ibm.ws.runtime.update.internal.RuntimeUpdateManagerImpl  A CWWKE1100I: Waiting for up to 30 seconds for the server to quiesce.
[10/16/24, 11:11:26:318 EDT] 00000051 com.ibm.ws.runtime.update.internal.RuntimeUpdateManagerImpl  I CWWKE1101I: Server quiesce complete.
[10/16/24, 11:11:26:414 EDT] 00000001 com.ibm.ws.kernel.launch.internal.FrameworkManager           A CWWKE0036I: The server guideServer stopped after 2 minutes, 35.014 seconds.
