********************************************************************************
product = Open Liberty 24.0.0.10 (wlp-1.0.94.cl241020240923-1638)
wlp.install.dir = /Users/danmas/Documents/GitHub/OZ-CSC-480-HCI-521-Fall-2024/backend/database-service/target/liberty/wlp/
java.home = /Library/Java/JavaVirtualMachines/temurin-21.jdk/Contents/Home
java.version = 21.0.4
java.runtime = OpenJDK Runtime Environment (21.0.4+7-LTS)
os = Mac OS X (15.0.1; x86_64) (en_US)
process = 18324@Dans-MBP
Classpath = /Users/danmas/Documents/GitHub/OZ-CSC-480-HCI-521-Fall-2024/backend/database-service/target/liberty/wlp/bin/tools/ws-server.jar
Java Library path = /Users/danmas/Library/Java/Extensions:/Library/Java/Extensions:/Network/Library/Java/Extensions:/System/Library/Java/Extensions:/usr/lib/java:.
********************************************************************************
[10/16/24, 12:02:59:575 EDT] 00000001 com.ibm.ws.kernel.launch.internal.FrameworkManager           A CWWKE0001I: The server defaultServer has been launched.
[10/16/24, 12:03:00:412 EDT] 00000020 com.ibm.ws.config.xml.internal.ServerXMLConfiguration        A CWWKG0093A: Processing configuration drop-ins resource: /Users/danmas/Documents/GitHub/OZ-CSC-480-HCI-521-Fall-2024/backend/database-service/target/liberty/wlp/usr/servers/defaultServer/configDropins/overrides/liberty-plugin-variable-config.xml
[10/16/24, 12:03:00:658 EDT] 00000001 com.ibm.ws.kernel.launch.internal.FrameworkManager           I CWWKE0002I: The kernel started after 1.466 seconds
[10/16/24, 12:03:00:657 EDT] 00000038 com.ibm.ws.kernel.feature.internal.FeatureManager            I CWWKF0007I: Feature update started.
[10/16/24, 12:03:00:699 EDT] 00000038 com.ibm.ws.kernel.feature.internal.FeatureManager            E CWWKF0001E: A feature definition could not be found for mpconfig-3.1
[10/16/24, 12:03:00:700 EDT] 00000038 com.ibm.ws.kernel.feature.internal.FeatureManager            E CWWKF0001E: A feature definition could not be found for appsecurity-5.0
[10/16/24, 12:03:00:700 EDT] 00000038 com.ibm.ws.kernel.feature.internal.FeatureManager            E CWWKF0001E: A feature definition could not be found for restfulws-3.1
[10/16/24, 12:03:00:701 EDT] 00000038 com.ibm.ws.kernel.feature.internal.FeatureManager            E CWWKF0001E: A feature definition could not be found for mpjwt-2.1
[10/16/24, 12:03:00:762 EDT] 00000038 com.ibm.ws.kernel.feature.internal.FeatureManager            A CWWKF0012I: The server installed the following features: [].
[10/16/24, 12:03:00:763 EDT] 00000038 com.ibm.ws.kernel.feature.internal.FeatureManager            I CWWKF0008I: Feature update completed in 0.110 seconds.
[10/16/24, 12:03:00:764 EDT] 00000038 com.ibm.ws.kernel.feature.internal.FeatureManager            A CWWKF0011I: The defaultServer server is ready to run a smarter planet. The defaultServer server started in 1.576 seconds.
[10/16/24, 12:03:22:308 EDT] 0000001c com.ibm.ws.kernel.launch.internal.ServerCommandListener      A CWWKE0055I: Server shutdown requested on Wednesday, October 16, 2024 at 12:03 PM. The server defaultServer is shutting down.
[10/16/24, 12:03:22:319 EDT] 00000051 com.ibm.ws.runtime.update.internal.RuntimeUpdateManagerImpl  A CWWKE1100I: Waiting for up to 30 seconds for the server to quiesce.
[10/16/24, 12:03:22:325 EDT] 00000051 com.ibm.ws.runtime.update.internal.RuntimeUpdateManagerImpl  I CWWKE1101I: Server quiesce complete.
[10/16/24, 12:03:22:503 EDT] 00000001 com.ibm.ws.kernel.launch.internal.FrameworkManager           A CWWKE0036I: The server defaultServer stopped after 23.314 seconds.
